[2025-07-03 16:09:49] INFO task-dashboard: Tasks loaded successfully on startup
[2025-07-03 16:10:59] INFO task-dashboard: Tasks saved successfully
[2025-07-03 16:11:23] INFO task-dashboard: Tasks saved successfully
[2025-07-03 16:11:29] INFO task-dashboard: Tasks saved successfully
[2025-07-03 16:11:34] INFO task-dashboard: Tasks saved successfully
[2025-07-03 16:12:15] INFO task-dashboard: Tasks saved successfully
[2025-07-03 16:12:18] INFO task-dashboard: Task 25 moved to doing
[2025-07-03 16:12:22] INFO task-dashboard: Task 25 moved to todo
[2025-07-03 16:12:23] INFO task-dashboard: Task 25 moved to doing
[2025-07-03 16:12:26] INFO task-dashboard: Task 25 moved to done
[2025-07-03 16:12:28] INFO task-dashboard: Task 3 moved to doing
[2025-07-03 16:12:31] INFO task-dashboard: Task 18 moved to doing
[2025-07-03 16:12:33] INFO task-dashboard: Task 18 moved to doing
[2025-07-03 16:12:35] INFO task-dashboard: Task 18 moved to doing
[2025-07-03 16:12:39] INFO task-dashboard: Task 18 moved to doing
[2025-07-03 16:12:41] INFO task-dashboard: Task 3 moved to doing
[2025-07-03 16:13:15] INFO task-dashboard: Task 25 moved to todo
[2025-07-03 16:13:16] INFO task-dashboard: Tasks saved successfully
[2025-07-03 16:13:24] INFO task-dashboard: Tasks saved successfully
[2025-07-03 16:13:32] INFO task-dashboard: Tasks saved successfully
[2025-07-03 16:13:49] INFO task-dashboard: Tasks saved successfully
[2025-07-03 16:13:52] INFO task-dashboard: Tasks saved successfully
[2025-07-03 16:13:54] INFO task-dashboard: Tasks saved successfully
[2025-07-03 16:14:24] INFO task-dashboard: Tasks loaded successfully on startup
[2025-07-03 16:23:22] INFO task-dashboard: Tasks loaded successfully on startup
[2025-07-03 16:24:09] INFO task-dashboard: Tasks loaded successfully on startup
[2025-07-03 16:24:26] INFO task-dashboard: Tasks loaded successfully on startup
[2025-07-03 16:29:33] INFO task-dashboard: Tasks loaded successfully on startup
[2025-07-03 16:29:36] INFO task-dashboard: Task 3 moved to todo
[2025-07-03 16:29:37] INFO task-dashboard: Task 9 moved to doing
[2025-07-03 16:29:42] INFO task-dashboard: Task 9 moved to todo
[2025-07-03 16:29:43] INFO task-dashboard: Task 9 moved to doing
[2025-07-03 16:29:52] INFO task-dashboard: Task 9 moved to todo
[2025-07-03 16:29:55] INFO task-dashboard: Task 9 moved to doing
