1900-01-01T08:00:00Z [DEBUG] (scheduler) debugging trace
1900-01-01T08:01:15Z [INFO] (worker) operation completed
1900-01-01T08:02:30Z [INFO] (auth) operation completed
1900-01-01T08:03:45Z [WARN] (auth) potential issue detected
1900-01-01T08:05:00Z [INFO] (auth) operation completed
1900-01-01T08:06:15Z [ERROR] (worker) uncaught exception
1900-01-01T08:07:30Z [INFO] (worker) operation completed
1900-01-01T08:08:45Z [INFO] (worker) operation completed
1900-01-01T08:10:00Z [INFO] (api) operation completed
1900-01-01T08:11:15Z [WARN] (api) potential issue detected
1900-01-01T08:12:30Z [DEBUG] (auth) debugging trace
1900-01-01T08:13:45Z [DEBUG] (scheduler) debugging trace
1900-01-01T08:15:00Z [WARN] (worker) potential issue detected
1900-01-01T08:16:15Z [INFO] (db) operation completed
1900-01-01T08:17:30Z [INFO] (db) operation completed
1900-01-01T08:18:45Z [WARN] (auth) potential issue detected
1900-01-01T08:20:00Z [INFO] (auth) operation completed
1900-01-01T08:21:15Z [INFO] (api) operation completed
1900-01-01T08:22:30Z [INFO] (scheduler) operation completed
1900-01-01T08:23:45Z [INFO] (auth) operation completed
1900-01-01T08:25:00Z [INFO] (api) operation completed
1900-01-01T08:26:15Z [WARN] (db) potential issue detected